2025-02-28 14:30:08 - DEBUG - debug message
2025-02-28 14:30:08 - INFO - info message
2025-02-28 14:30:08 - WARNING - waring message
2025-02-28 14:30:08 - ERROR - error message
2025-02-28 14:30:08 - CRITICAL - critical message
2025-02-28 14:39:35 - DEBUG - debug message
2025-02-28 14:39:35 - INFO - info message
2025-02-28 14:39:35 - ok - ok message
2025-02-28 14:39:35 - WARNING - waring message
2025-02-28 14:39:35 - ERROR - error message
2025-02-28 14:39:35 - CRITICAL - critical message
2025-02-28 14:47:28 - DEBUG - debug message[0m
2025-02-28 14:48:40 - DEBUG - debug message
2025-02-28 14:48:40 - INFO - info message
2025-02-28 14:48:40 - ok - ok message
2025-02-28 14:48:40 - WARNING - waring message
2025-02-28 14:48:40 - ERROR - error message
2025-02-28 14:48:40 - CRITICAL - critical message
2025-02-28 14:48:46 - DEBUG - debug message
2025-02-28 14:48:46 - INFO - info message
2025-02-28 14:48:46 - ok - ok message
2025-02-28 14:48:46 - WARNING - waring message
2025-02-28 14:48:46 - ERROR - error message
2025-02-28 14:48:46 - CRITICAL - critical message
2025-02-28 14:53:10 - DEBUG - debug message
2025-02-28 14:53:10 - INFO - info message
2025-02-28 14:53:10 - ok - ok message
2025-02-28 14:53:10 - WARNING - waring message
2025-02-28 14:53:10 - ERROR - error message
2025-02-28 14:53:10 - CRITICAL - critical message
2025-02-28 14:53:43 - DEBUG - debug message
2025-02-28 14:53:43 - INFO - info message
2025-02-28 14:53:43 - ok - ok message
2025-02-28 14:53:43 - WARNING - waring message
2025-02-28 14:53:43 - ERROR - error message
2025-02-28 14:53:43 - CRITICAL - critical message
2025-02-28 14:53:52 - DEBUG - debug message
2025-02-28 14:53:52 - INFO - info message
2025-02-28 14:53:52 - ok - ok message
2025-02-28 14:53:52 - WARNING - waring message
2025-02-28 14:53:52 - ERROR - error message
2025-02-28 14:53:52 - CRITICAL - critical message
2025-02-28 14:54:00 - DEBUG - debug message
2025-02-28 14:54:00 - INFO - info message
2025-02-28 14:54:00 - ok - ok message
2025-02-28 14:54:00 - WARNING - waring message
2025-02-28 14:54:00 - ERROR - error message
2025-02-28 14:54:00 - CRITICAL - critical message
2025-02-28 18:25:26 - DEBUG - debug message
2025-02-28 18:25:26 - INFO - info message
2025-02-28 18:25:26 - ok - ok message
2025-02-28 18:25:26 - WARNING - waring message
2025-02-28 18:25:26 - ERROR - error message
2025-02-28 18:25:26 - CRITICAL - critical message
2025-02-28 19:19:44 - INFO - info message
2025-02-28 19:19:44 - ok - ok message
2025-02-28 19:19:44 - WARNING - waring message
2025-02-28 19:19:44 - ERROR - error message
2025-02-28 19:19:44 - CRITICAL - critical message
2025-02-28 19:19:59 - DEBUG - debug message
2025-02-28 19:19:59 - INFO - info message
2025-02-28 19:19:59 - ok - ok message
2025-02-28 19:19:59 - WARNING - waring message
2025-02-28 19:19:59 - ERROR - error message
2025-02-28 19:19:59 - CRITICAL - critical message
2025-02-28 19:20:08 - DEBUG - debug message
2025-02-28 19:20:08 - INFO - info message
2025-02-28 19:20:08 - ok - ok message
2025-02-28 19:20:08 - WARNING - waring message
2025-02-28 19:20:08 - ERROR - error message
2025-02-28 19:20:08 - CRITICAL - critical message
2025-02-28 19:20:15 - WARNING - waring message
2025-02-28 19:20:15 - ERROR - error message
2025-02-28 19:20:15 - CRITICAL - critical message
2025-02-28 19:20:21 - DEBUG - debug message
2025-02-28 19:20:21 - INFO - info message
2025-02-28 19:20:21 - ok - ok message
2025-02-28 19:20:21 - WARNING - waring message
2025-02-28 19:20:21 - ERROR - error message
2025-02-28 19:20:21 - CRITICAL - critical message
2025-03-02 08:36:03 - DEBUG - debug message
2025-03-02 08:36:03 - INFO - info message
2025-03-02 08:36:03 - ok - ok message
2025-03-02 08:36:03 - WARNING - waring message
2025-03-02 08:36:03 - ERROR - error message
2025-03-02 08:36:03 - CRITICAL - critical message
2025-03-02 08:36:13 - DEBUG - debug message
2025-03-02 08:36:13 - INFO - info message
2025-03-02 08:36:13 - ok - ok message
2025-03-02 08:36:13 - WARNING - waring message
2025-03-02 08:36:13 - ERROR - error message
2025-03-02 08:36:13 - CRITICAL - critical message
2025-03-02 08:39:40 - DEBUG - debug message
2025-03-02 08:39:40 - INFO - info message
2025-03-02 08:39:40 - ok - ok message
2025-03-02 08:39:40 - WARNING - waring message
2025-03-02 08:39:40 - ERROR - error message
2025-03-02 08:39:40 - CRITICAL - critical message
2025-03-02 08:41:02 - INFO - info message
2025-03-02 08:41:02 - ok - ok message
2025-03-02 08:41:02 - WARNING - waring message
2025-03-02 08:41:02 - ERROR - error message
2025-03-02 08:41:02 - DEBUG - debug message
2025-03-02 08:41:02 - CRITICAL - critical message
2025-03-02 09:12:17 - DEBUG - ÕâÊÇµ÷ÕûÈÕÖ¾Êä³öÑÕÉ«Îª°×É«ºóµÄÊä³ö
2025-03-02 09:12:33 - DEBUG - ÕâÊÇµ÷ÕûÈÕÖ¾Êä³öÑÕÉ«Îª°×É«ºóµÄÑÕÉ«
2025-03-02 09:12:49 - DEBUG - ÕâÊÇµ÷ÕûÈÕÖ¾Êä³öÑÕÉ«Îª°×É«ºóµÄÑÕÉ«
