2025-02-28 14:35:19 - WARNING - 可以进行期现套利的币种有：['BTC', 'ETH', 'ADA', 'LINK', 'BCH', 'DOT', 'XRP', 'LTC', 'BNB', 'SOL']
2025-02-28 14:35:19 - DEBUG - ****************************************'开始更新数据'****************************************
2025-02-28 14:35:42 - WARNING - 可以进行期现套利的币种有：['BTC', 'ETH', 'ADA', 'LINK', 'BCH', 'DOT', 'XRP', 'LTC', 'BNB', 'SOL']
2025-02-28 14:35:42 - DEBUG - ****************************************'开始更新数据'****************************************
2025-02-28 14:35:42 - INFO - BTC套利数据已更新
2025-02-28 14:35:43 - INFO - ETH套利数据已更新
2025-02-28 14:35:44 - INFO - ADA套利数据已更新
2025-02-28 14:35:45 - INFO - LINK套利数据已更新
2025-02-28 14:35:46 - INFO - BCH套利数据已更新
2025-02-28 14:35:47 - INFO - DOT套利数据已更新
2025-02-28 14:35:48 - INFO - XRP套利数据已更新
2025-02-28 14:35:49 - INFO - LTC套利数据已更新
2025-02-28 14:35:50 - INFO - BNB套利数据已更新
2025-02-28 14:35:51 - INFO - SOL套利数据已更新
2025-02-28 14:39:46 - WARNING - 可以进行期现套利的币种有：['BTC', 'ETH', 'ADA', 'LINK', 'BCH', 'DOT', 'XRP', 'LTC', 'BNB', 'SOL']
2025-02-28 14:39:46 - DEBUG - ****************************************'开始更新数据'****************************************
2025-02-28 14:39:47 - INFO - BTC套利数据已更新
2025-02-28 14:39:48 - INFO - ETH套利数据已更新
2025-02-28 14:39:49 - INFO - ADA套利数据已更新
2025-02-28 14:39:49 - INFO - LINK套利数据已更新
2025-02-28 14:39:50 - INFO - BCH套利数据已更新
2025-02-28 14:39:51 - INFO - DOT套利数据已更新
2025-02-28 14:39:52 - INFO - XRP套利数据已更新
2025-02-28 14:39:53 - INFO - LTC套利数据已更新
2025-02-28 14:39:54 - INFO - BNB套利数据已更新
2025-02-28 14:39:54 - INFO - SOL套利数据已更新
2025-02-28 14:39:55 - ok - 套利数据已更新完毕
2025-02-28 14:41:00 - WARNING - 可以进行期现套利的币种有：['BTC', 'ETH', 'ADA', 'LINK', 'BCH', 'DOT', 'XRP', 'LTC', 'BNB', 'SOL']
2025-02-28 14:41:00 - DEBUG - ****************************************'开始更新数据'****************************************
2025-02-28 14:41:01 - INFO - BTC套利数据已更新
2025-02-28 14:41:01 - INFO - ETH套利数据已更新
2025-02-28 14:41:02 - INFO - ADA套利数据已更新
2025-02-28 14:41:03 - INFO - LINK套利数据已更新
2025-02-28 14:41:04 - INFO - BCH套利数据已更新
2025-02-28 14:41:05 - INFO - DOT套利数据已更新
2025-02-28 14:41:06 - INFO - XRP套利数据已更新
2025-02-28 14:41:06 - INFO - LTC套利数据已更新
2025-02-28 14:41:07 - INFO - BNB套利数据已更新
2025-02-28 14:41:08 - INFO - SOL套利数据已更新
2025-02-28 14:41:09 - ok - 套利数据已更新完毕
2025-02-28 14:41:09 - DEBUG - 
        spot_price  Current_Quarter  Next_Quarter  250328 250627
symbol                                                          
BTC     79366.0100       79785.6000    81395.1000   0.53%  2.56%
ETH      2110.0300        2119.3900     2159.7200   0.44%  2.35%
ADA         0.5873           0.5887        0.5959   0.24%  1.46%
LINK       13.6000          13.6310       13.9220   0.23%  2.37%
BCH       272.6000         271.6100      273.7500  -0.36%  0.42%
DOT         4.5250           4.5390        4.5830   0.31%  1.28%
XRP         2.0012           2.0094        2.0493   0.41%   2.4%
LTC       116.8200         117.5200      119.6300    0.6%  2.41%
BNB       568.5500         564.0700      571.0600  -0.79%  0.44%
SOL       126.7800         126.4100      128.9000  -0.29%  1.67%
2025-02-28 14:41:51 - WARNING - 可以进行期现套利的币种有：['BTC', 'ETH', 'ADA', 'LINK', 'BCH', 'DOT', 'XRP', 'LTC', 'BNB', 'SOL']
2025-02-28 14:41:51 - DEBUG - ****************************************开始更新数据****************************************
2025-02-28 14:41:51 - INFO - BTC套利数据已更新
2025-02-28 14:41:52 - INFO - ETH套利数据已更新
2025-02-28 14:41:53 - INFO - ADA套利数据已更新
2025-02-28 14:41:54 - INFO - LINK套利数据已更新
2025-02-28 14:41:55 - INFO - BCH套利数据已更新
2025-02-28 14:41:56 - INFO - DOT套利数据已更新
2025-02-28 14:41:57 - INFO - XRP套利数据已更新
2025-02-28 14:41:58 - INFO - LTC套利数据已更新
2025-02-28 14:41:59 - INFO - BNB套利数据已更新
2025-02-28 14:42:00 - INFO - SOL套利数据已更新
2025-02-28 14:42:00 - ok - 套利数据已更新完毕
2025-02-28 14:42:00 - DEBUG - ****************************************数据更新完毕****************************************
2025-02-28 14:42:00 - DEBUG - 
        spot_price  Current_Quarter  Next_Quarter  250328 250627
symbol                                                          
BTC     79388.0200       79804.1000    81408.2000   0.52%  2.54%
ETH      2109.7500        2118.6700     2159.3400   0.42%  2.35%
ADA         0.5873           0.5887        0.5956   0.24%  1.41%
LINK       13.6000          13.6340       13.9180   0.25%  2.34%
BCH       272.3000         271.5900      273.5300  -0.26%  0.45%
DOT         4.5210           4.5340        4.5800   0.29%  1.31%
XRP         1.9985           2.0071        2.0468   0.43%  2.42%
LTC       116.8900         117.5900      119.6200    0.6%  2.34%
BNB       568.4500         563.7500      570.7900  -0.83%  0.41%
SOL       126.8000         126.4600      128.9300  -0.27%  1.68%
2025-02-28 14:42:34 - WARNING - 可以进行期现套利的币种有：['BTC', 'ETH', 'ADA', 'LINK', 'BCH', 'DOT', 'XRP', 'LTC', 'BNB', 'SOL']
2025-02-28 14:42:34 - DEBUG - ****************************************开始更新数据****************************************
2025-02-28 14:42:35 - INFO - BTC套利数据已更新
2025-02-28 14:42:35 - INFO - ETH套利数据已更新
2025-02-28 14:42:36 - INFO - ADA套利数据已更新
2025-02-28 14:42:37 - INFO - LINK套利数据已更新
2025-02-28 14:42:38 - INFO - BCH套利数据已更新
2025-02-28 14:42:39 - INFO - DOT套利数据已更新
2025-02-28 14:42:39 - INFO - XRP套利数据已更新
2025-02-28 14:42:40 - INFO - LTC套利数据已更新
2025-02-28 14:42:41 - INFO - BNB套利数据已更新
2025-02-28 14:42:42 - INFO - SOL套利数据已更新
2025-02-28 14:42:42 - ok - 套利数据已更新完毕
2025-02-28 14:42:42 - DEBUG - ****************************************数据更新完毕****************************************
2025-02-28 14:42:42 - DEBUG - 期现套利利差表：
        spot_price  Current_Quarter  Next_Quarter  250328 250627
symbol                                                          
BTC     79393.5600       79800.0000    81400.9000   0.51%  2.53%
ETH      2109.0500        2118.4100     2158.8400   0.44%  2.36%
ADA         0.5876           0.5890        0.5961   0.24%  1.45%
LINK       13.6100          13.6390       13.9190   0.21%  2.27%
BCH       272.4000         271.6500      273.5700  -0.28%  0.43%
DOT         4.5200           4.5340        4.5800   0.31%  1.33%
XRP         2.0001           2.0089        2.0489   0.44%  2.44%
LTC       116.9000         117.6000      119.6200    0.6%  2.33%
BNB       568.2100         563.5900      570.7900  -0.81%  0.45%
SOL       126.8100         126.4500      128.9200  -0.28%  1.66%
2025-03-02 21:21:25 - WARNING - 可以进行期现套利的币种有：['BTC', 'ETH', 'ADA', 'LINK', 'BCH', 'DOT', 'XRP', 'LTC', 'BNB', 'SOL']
2025-03-02 21:21:25 - DEBUG - ****************************************开始更新数据****************************************
2025-03-02 21:21:26 - INFO - BTC套利数据已更新
2025-03-02 21:21:27 - INFO - ETH套利数据已更新
2025-03-02 21:21:28 - INFO - ADA套利数据已更新
2025-03-02 21:21:29 - INFO - LINK套利数据已更新
2025-03-02 21:21:30 - INFO - BCH套利数据已更新
2025-03-02 21:21:31 - INFO - DOT套利数据已更新
2025-03-02 21:21:32 - INFO - XRP套利数据已更新
2025-03-02 21:21:33 - INFO - LTC套利数据已更新
2025-03-02 21:21:34 - INFO - BNB套利数据已更新
2025-03-02 21:21:35 - INFO - SOL套利数据已更新
2025-03-02 21:21:35 - ok - 套利数据已更新完毕
2025-03-02 21:21:35 - DEBUG - ****************************************数据更新完毕****************************************
2025-03-02 21:21:35 - DEBUG - 期现套利利差表：
        spot_price  Current_Quarter  Next_Quarter  250328  250627
symbol                                                           
BTC     85690.1300       86091.7000    87769.9000   0.47%   2.43%
ETH      2213.5100        2222.8800     2263.1300   0.42%   2.24%
ADA         0.6561           0.6588        0.6701   0.41%   2.13%
LINK       14.6300          14.7010       14.9990   0.49%   2.52%
BCH       318.1000         318.4700      321.2400   0.12%   0.99%
DOT         4.6070           4.6150        4.6760   0.17%    1.5%
XRP         2.2543           2.2651        2.3070   0.48%   2.34%
LTC       121.8000         122.6600      124.9200   0.71%   2.56%
BNB       605.8000         601.4700      605.6600  -0.71%  -0.02%
SOL       141.7300         141.9800      143.9700   0.18%   1.58%
